<?xml version="1.0" encoding="UTF-8"?>
<!-- Generated by org.testng.reporters.JUnitReportReporter -->
<testsuite hostname="DESKTOP-VPDSCVD" failures="0" tests="2" name="Ui.logintest" time="0.007" errors="0" timestamp="2022-09-01T11:55:20 IST" skipped="0">
  <testcase classname="Ui.logintest" name="loginlogout" time="0.001"/>
  <system-out/>
  <testcase classname="Ui.logintest" name="loginTest" time="0.006"/>
  <system-out/>
</testsuite> <!-- Ui.logintest -->
