<?xml version="1.0" encoding="UTF-8"?>
<!-- Generated by org.testng.reporters.JUnitReportReporter -->
<testsuite hostname="DESKTOP-VPDSCVD" failures="0" tests="1" name="Ui.logintesta" time="3.218" errors="0" timestamp="2022-08-31T17:38:46 IST" skipped="0">
  <testcase classname="Ui.logintesta" name="launchApplication" time="3.218"/>
  <system-out/>
</testsuite> <!-- Ui.logintesta -->
