<?xml version="1.0" encoding="UTF-8"?>
<!-- Generated by org.testng.reporters.JUnitReportReporter -->
<testsuite hostname="DESKTOP-VPDSCVD" failures="0" tests="1" name="test1.Basicannotation" time="0.006" errors="0" timestamp="2022-08-04T13:07:59 IST" skipped="0">
  <testcase classname="test1.Basicannotation" name="test5" time="0.006"/>
  <system-out/>
</testsuite> <!-- test1.Basicannotation -->
