<?xml version="1.0" encoding="UTF-8"?>
<!-- Generated by org.testng.reporters.JUnitReportReporter -->
<testsuite hostname="DESKTOP-VPDSCVD" failures="0" tests="5" name="Ui.dataproviderdemotest" time="0.011" errors="0" timestamp="2022-08-18T11:44:38 IST" skipped="0">
  <testcase classname="Ui.dataproviderdemotest" name="test" time="0.001"/>
  <system-out/>
  <testcase classname="Ui.dataproviderdemotest" name="test" time="0.007"/>
  <system-out/>
  <testcase classname="Ui.dataproviderdemotest" name="test" time="0.001"/>
  <system-out/>
  <testcase classname="Ui.dataproviderdemotest" name="test" time="0.001"/>
  <system-out/>
  <testcase classname="Ui.dataproviderdemotest" name="test" time="0.001"/>
  <system-out/>
</testsuite> <!-- Ui.dataproviderdemotest -->
