<?xml version="1.0" encoding="UTF-8"?>
<!-- Generated by org.testng.reporters.JUnitReportReporter -->
<testsuite hostname="DESKTOP-VPDSCVD" failures="0" tests="3" name="Ui.skipdemotest" time="0.011" errors="0" timestamp="2022-08-16T11:04:33 IST" skipped="2">
  <testcase classname="Ui.skipdemotest" name="skiptest3" time="0.002"/>
  <system-out/>
  <testcase classname="Ui.skipdemotest" name="skiptest2" time="0.009">
    <skipped/>
  </testcase> <!-- skiptest2 -->
  <system-out/>
  <testcase classname="Ui.skipdemotest" name="skiptest1">
    <skipped/>
  </testcase> <!-- skiptest1 -->
  <system-out/>
</testsuite> <!-- Ui.skipdemotest -->
