<?xml version="1.0" encoding="UTF-8"?>
<!-- Generated by org.testng.reporters.JUnitReportReporter -->
<testsuite hostname="DESKTOP-VPDSCVD" failures="0" tests="1" name="Ui.VerifyORM" time="6.170" errors="0" timestamp="2022-09-01T11:55:20 IST" skipped="0">
  <testcase classname="Ui.VerifyORM" name="Titleorm" time="6.170"/>
  <system-out/>
</testsuite> <!-- Ui.VerifyORM -->
