<?xml version="1.0" encoding="UTF-8"?>
<!-- Generated by org.testng.reporters.JUnitReportReporter -->
<testsuite hostname="DESKTOP-VPDSCVD" failures="0" tests="4" name="Ui.dataproviderdemotest3" time="17.939" errors="0" timestamp="2022-08-31T17:37:18 IST" skipped="0">
  <testcase classname="Ui.dataproviderdemotest3" name="test" time="1.844"/>
  <system-out/>
  <testcase classname="Ui.dataproviderdemotest3" name="test" time="4.889"/>
  <system-out/>
  <testcase classname="Ui.dataproviderdemotest3" name="test" time="9.144"/>
  <system-out/>
  <testcase classname="Ui.dataproviderdemotest3" name="test" time="2.062"/>
  <system-out/>
</testsuite> <!-- Ui.dataproviderdemotest3 -->
