<?xml version="1.0" encoding="UTF-8"?>
<!-- Generated by org.testng.reporters.JUnitReportReporter -->
<testsuite hostname="DESKTOP-VPDSCVD" failures="0" tests="4" name="Ui.Groupdemotest2" time="0.006" errors="0" timestamp="2022-09-01T12:00:24 IST" skipped="0">
  <testcase classname="Ui.Groupdemotest2" name="btest3" time="0.001"/>
  <system-out/>
  <testcase classname="Ui.Groupdemotest2" name="btest4" time="0.002"/>
  <system-out/>
  <testcase classname="Ui.Groupdemotest2" name="atest1" time="0.002"/>
  <system-out/>
  <testcase classname="Ui.Groupdemotest2" name="btest2" time="0.001"/>
  <system-out/>
</testsuite> <!-- Ui.Groupdemotest2 -->
